c:\users\geeky\onedrive\extra\workspace\visual studio\c++\ecet\grade 9\classwork\class_timer\x64\debug\vc141.pdb
c:\users\geeky\onedrive\extra\workspace\visual studio\c++\ecet\grade 9\classwork\class_timer\x64\debug\vc141.idb
c:\users\geeky\onedrive\extra\workspace\visual studio\c++\ecet\grade 9\classwork\class_timer\x64\debug\class_timer.obj
c:\users\geeky\onedrive\extra\workspace\visual studio\c++\ecet\x64\debug\class_timer.exe
c:\users\geeky\onedrive\extra\workspace\visual studio\c++\ecet\x64\debug\class_timer.ilk
c:\users\geeky\onedrive\extra\workspace\visual studio\c++\ecet\x64\debug\class_timer.pdb
c:\users\geeky\box sync\workspace\visual studio 2017\c++\ecet\grade 9\classwork\class_timer\x64\debug\class.obj
c:\users\geeky\box sync\workspace\visual studio 2017\c++\ecet\grade 9\classwork\class_timer\x64\debug\class_timer.obj
c:\users\geeky\box sync\workspace\visual studio 2017\c++\ecet\grade 9\classwork\class_timer\x64\debug\timeleftuntilendofclass.obj
c:\users\geeky\box sync\workspace\visual studio 2017\c++\ecet\grade 9\classwork\class_timer\x64\debug\vc141.idb
c:\users\geeky\box sync\workspace\visual studio 2017\c++\ecet\grade 9\classwork\class_timer\x64\debug\vc141.pdb
c:\users\geeky\box sync\workspace\visual studio 2017\c++\ecet\x64\debug\class_timer.pdb
c:\users\geeky\box sync\workspace\visual studio 2017\c++\ecet\x64\debug\class_timer.exe
c:\users\geeky\box sync\workspace\visual studio 2017\c++\ecet\x64\debug\class_timer.ilk
c:\users\geeky\box sync\workspace\visual studio 2017\c++\ecet\grade 9\classwork\class_timer\x64\debug\class_timer.tlog\cl.command.1.tlog
c:\users\geeky\box sync\workspace\visual studio 2017\c++\ecet\grade 9\classwork\class_timer\x64\debug\class_timer.tlog\cl.read.1.tlog
c:\users\geeky\box sync\workspace\visual studio 2017\c++\ecet\grade 9\classwork\class_timer\x64\debug\class_timer.tlog\cl.write.1.tlog
c:\users\geeky\box sync\workspace\visual studio 2017\c++\ecet\grade 9\classwork\class_timer\x64\debug\class_timer.tlog\link.command.1.tlog
c:\users\geeky\box sync\workspace\visual studio 2017\c++\ecet\grade 9\classwork\class_timer\x64\debug\class_timer.tlog\link.read.1.tlog
c:\users\geeky\box sync\workspace\visual studio 2017\c++\ecet\grade 9\classwork\class_timer\x64\debug\class_timer.tlog\link.write.1.tlog
