c:\users\geeky\box sync\workspace\visual studio 2017\c++\ecet\grade 9\assignments\assignment - tic_tac_toe\x64\debug\vc141.pdb
c:\users\geeky\box sync\workspace\visual studio 2017\c++\ecet\grade 9\assignments\assignment - tic_tac_toe\x64\debug\vc141.idb
c:\users\geeky\box sync\workspace\visual studio 2017\c++\ecet\grade 9\assignments\assignment - tic_tac_toe\x64\debug\tic_tac_toe.obj
c:\users\geeky\documents\mega\workspace\visual studio 2017\c++\ecet\grade 9\assignments\assignment - tic_tac_toe\x64\debug\vc141.pdb
c:\users\geeky\documents\mega\workspace\visual studio 2017\c++\ecet\grade 9\assignments\assignment - tic_tac_toe\x64\debug\vc141.idb
c:\users\geeky\documents\mega\workspace\visual studio 2017\c++\ecet\grade 9\assignments\assignment - tic_tac_toe\x64\debug\tic_tac_toe.obj
c:\users\geeky\box sync\workspace\visual studio 2017\c++\ecet\x64\debug\assignment - tic_tac_toe.ilk
c:\users\geeky\box sync\workspace\visual studio 2017\c++\ecet\x64\debug\assignment - tic_tac_toe.exe
c:\users\geeky\box sync\workspace\visual studio 2017\c++\ecet\x64\debug\assignment - tic_tac_toe.pdb
c:\users\geeky\documents\mega\workspace\visual studio 2017\c++\ecet\x64\debug\assignment - tic_tac_toe.exe
c:\users\geeky\documents\mega\workspace\visual studio 2017\c++\ecet\x64\debug\assignment - tic_tac_toe.ilk
c:\users\geeky\documents\mega\workspace\visual studio 2017\c++\ecet\x64\debug\assignment - tic_tac_toe.pdb
c:\users\geeky\mega\workspace\visual studio 2017\c++\ecet\grade 9\assignments\assignment - tic_tac_toe\x64\debug\tic_tac_toe.obj
c:\users\geeky\mega\workspace\visual studio 2017\c++\ecet\grade 9\assignments\assignment - tic_tac_toe\x64\debug\vc141.idb
c:\users\geeky\mega\workspace\visual studio 2017\c++\ecet\grade 9\assignments\assignment - tic_tac_toe\x64\debug\vc141.pdb
c:\users\geeky\mega\workspace\visual studio 2017\c++\ecet\x64\debug\assignment - tic_tac_toe.pdb
c:\users\geeky\mega\workspace\visual studio 2017\c++\ecet\x64\debug\assignment - tic_tac_toe.exe
c:\users\geeky\mega\workspace\visual studio 2017\c++\ecet\x64\debug\assignment - tic_tac_toe.ilk
c:\users\geeky\mega\workspace\visual studio 2017\c++\ecet\grade 9\assignments\assignment - tic_tac_toe\x64\debug\assignme.1670b8da.tlog\cl.command.1.tlog
c:\users\geeky\mega\workspace\visual studio 2017\c++\ecet\grade 9\assignments\assignment - tic_tac_toe\x64\debug\assignme.1670b8da.tlog\cl.read.1.tlog
c:\users\geeky\mega\workspace\visual studio 2017\c++\ecet\grade 9\assignments\assignment - tic_tac_toe\x64\debug\assignme.1670b8da.tlog\cl.write.1.tlog
c:\users\geeky\mega\workspace\visual studio 2017\c++\ecet\grade 9\assignments\assignment - tic_tac_toe\x64\debug\assignme.1670b8da.tlog\link.command.1.tlog
c:\users\geeky\mega\workspace\visual studio 2017\c++\ecet\grade 9\assignments\assignment - tic_tac_toe\x64\debug\assignme.1670b8da.tlog\link.read.1.tlog
c:\users\geeky\mega\workspace\visual studio 2017\c++\ecet\grade 9\assignments\assignment - tic_tac_toe\x64\debug\assignme.1670b8da.tlog\link.write.1.tlog
